
*** Running vivado
    with args -log embsys_hb3_0_2.vds -m64 -product Vivado -mode batch -messageDb vivado.pb -notrace -source embsys_hb3_0_2.tcl


****** Vivado v2018.2 (64-bit)
  **** SW Build 2258646 on Thu Jun 14 20:03:12 MDT 2018
  **** IP Build 2256618 on Thu Jun 14 22:10:49 MDT 2018
    ** Copyright 1986-2018 Xilinx, Inc. All Rights Reserved.

source embsys_hb3_0_2.tcl -notrace
Command: synth_design -top embsys_hb3_0_2 -part xc7a50tcsg324-1 -fanout_limit 1000 -directive FewerCarryChains -retiming -mode out_of_context
Starting synth_design
Attempting to get a license for feature 'Synthesis' and/or device 'xc7a50t'
INFO: [Common 17-349] Got license for feature 'Synthesis' and/or device 'xc7a50t'
INFO: Launching helper process for spawning children vivado processes
INFO: Helper process launched with PID 41892 
---------------------------------------------------------------------------------
Starting RTL Elaboration : Time (s): cpu = 00:00:05 ; elapsed = 00:00:06 . Memory (MB): peak = 409.930 ; gain = 101.473
---------------------------------------------------------------------------------
INFO: [Synth 8-6157] synthesizing module 'embsys_hb3_0_2' [c:/Users/ME/Vivado_Projects/project_2/project_2.srcs/sources_1/bd/embsys/ip/embsys_hb3_0_2/synth/embsys_hb3_0_2.v:58]
INFO: [Synth 8-6157] synthesizing module 'hb3' [c:/Users/ME/Vivado_Projects/project_2/project_2.srcs/sources_1/bd/embsys/ipshared/9a6f/hb3.srcs/sources_1/bd/hb3/synth/hb3.v:13]
INFO: [Synth 8-6157] synthesizing module 'hb3_PWM_0_0' [c:/Users/ME/Vivado_Projects/project_2/project_2.srcs/sources_1/bd/embsys/ip/embsys_hb3_0_2/hb3.srcs/sources_1/bd/hb3/ip/hb3_PWM_0_0/synth/hb3_PWM_0_0.sv:56]
INFO: [Synth 8-6157] synthesizing module 'PWM_v2_0' [c:/Users/ME/Vivado_Projects/project_2/project_2.srcs/sources_1/bd/embsys/ip/embsys_hb3_0_2/hb3.srcs/sources_1/bd/hb3/ipshared/1f26/hdl/PWM_v2_0.sv:4]
	Parameter NUM_PWM bound to: 1 - type: integer 
	Parameter POLARITY bound to: 1'b1 
	Parameter C_PWM_AXI_DATA_WIDTH bound to: 32 - type: integer 
	Parameter C_PWM_AXI_ADDR_WIDTH bound to: 7 - type: integer 
INFO: [Synth 8-6157] synthesizing module 'PWM_AXI' [c:/Users/ME/Vivado_Projects/project_2/project_2.srcs/sources_1/bd/embsys/ip/embsys_hb3_0_2/hb3.srcs/sources_1/bd/hb3/ipshared/1f26/hdl/PWM_AXI.sv:4]
	Parameter NUM_PWM bound to: 1 - type: integer 
	Parameter C_S_AXI_DATA_WIDTH bound to: 32 - type: integer 
	Parameter C_S_AXI_ADDR_WIDTH bound to: 7 - type: integer 
	Parameter ADDR_LSB bound to: 2 - type: integer 
	Parameter OPT_MEM_ADDR_BITS bound to: 4 - type: integer 
INFO: [Synth 8-6155] done synthesizing module 'PWM_AXI' (1#1) [c:/Users/ME/Vivado_Projects/project_2/project_2.srcs/sources_1/bd/embsys/ip/embsys_hb3_0_2/hb3.srcs/sources_1/bd/hb3/ipshared/1f26/hdl/PWM_AXI.sv:4]
INFO: [Synth 8-6155] done synthesizing module 'PWM_v2_0' (2#1) [c:/Users/ME/Vivado_Projects/project_2/project_2.srcs/sources_1/bd/embsys/ip/embsys_hb3_0_2/hb3.srcs/sources_1/bd/hb3/ipshared/1f26/hdl/PWM_v2_0.sv:4]
INFO: [Synth 8-6155] done synthesizing module 'hb3_PWM_0_0' (3#1) [c:/Users/ME/Vivado_Projects/project_2/project_2.srcs/sources_1/bd/embsys/ip/embsys_hb3_0_2/hb3.srcs/sources_1/bd/hb3/ip/hb3_PWM_0_0/synth/hb3_PWM_0_0.sv:56]
INFO: [Synth 8-6157] synthesizing module 'hb3_PWM_Analyzer_0_0' [c:/Users/ME/Vivado_Projects/project_2/project_2.srcs/sources_1/bd/embsys/ip/embsys_hb3_0_2/hb3.srcs/sources_1/bd/hb3/ip/hb3_PWM_Analyzer_0_0/synth/hb3_PWM_Analyzer_0_0.v:56]
INFO: [Synth 8-6157] synthesizing module 'PWM_Analyzer_v1_0' [c:/Users/ME/Vivado_Projects/project_2/project_2.srcs/sources_1/bd/embsys/ip/embsys_hb3_0_2/hb3.srcs/sources_1/bd/hb3/ipshared/3593/hdl/PWM_Analyzer_v1_0.v:4]
	Parameter C_S00_AXI_DATA_WIDTH bound to: 32 - type: integer 
	Parameter C_S00_AXI_ADDR_WIDTH bound to: 4 - type: integer 
INFO: [Synth 8-6157] synthesizing module 'PWM_Analyzer_v1_0_S00_AXI' [c:/Users/ME/Vivado_Projects/project_2/project_2.srcs/sources_1/bd/embsys/ip/embsys_hb3_0_2/hb3.srcs/sources_1/bd/hb3/ipshared/3593/hdl/PWM_Analyzer_v1_0_S00_AXI.v:4]
	Parameter C_S_AXI_DATA_WIDTH bound to: 32 - type: integer 
	Parameter C_S_AXI_ADDR_WIDTH bound to: 4 - type: integer 
	Parameter ADDR_LSB bound to: 2 - type: integer 
	Parameter OPT_MEM_ADDR_BITS bound to: 1 - type: integer 
INFO: [Synth 8-226] default block is never used [c:/Users/ME/Vivado_Projects/project_2/project_2.srcs/sources_1/bd/embsys/ip/embsys_hb3_0_2/hb3.srcs/sources_1/bd/hb3/ipshared/3593/hdl/PWM_Analyzer_v1_0_S00_AXI.v:223]
INFO: [Synth 8-226] default block is never used [c:/Users/ME/Vivado_Projects/project_2/project_2.srcs/sources_1/bd/embsys/ip/embsys_hb3_0_2/hb3.srcs/sources_1/bd/hb3/ipshared/3593/hdl/PWM_Analyzer_v1_0_S00_AXI.v:364]
INFO: [Synth 8-6157] synthesizing module 'pulseLength' [c:/Users/ME/Vivado_Projects/project_2/project_2.srcs/sources_1/bd/embsys/ip/embsys_hb3_0_2/hb3.srcs/sources_1/bd/hb3/ipshared/3593/hdl/pulseLength.v:3]
	Parameter init bound to: 2'b00 
	Parameter first bound to: 2'b01 
	Parameter low bound to: 2'b10 
	Parameter high bound to: 2'b11 
INFO: [Synth 8-6155] done synthesizing module 'pulseLength' (4#1) [c:/Users/ME/Vivado_Projects/project_2/project_2.srcs/sources_1/bd/embsys/ip/embsys_hb3_0_2/hb3.srcs/sources_1/bd/hb3/ipshared/3593/hdl/pulseLength.v:3]
INFO: [Synth 8-6155] done synthesizing module 'PWM_Analyzer_v1_0_S00_AXI' (5#1) [c:/Users/ME/Vivado_Projects/project_2/project_2.srcs/sources_1/bd/embsys/ip/embsys_hb3_0_2/hb3.srcs/sources_1/bd/hb3/ipshared/3593/hdl/PWM_Analyzer_v1_0_S00_AXI.v:4]
INFO: [Synth 8-6155] done synthesizing module 'PWM_Analyzer_v1_0' (6#1) [c:/Users/ME/Vivado_Projects/project_2/project_2.srcs/sources_1/bd/embsys/ip/embsys_hb3_0_2/hb3.srcs/sources_1/bd/hb3/ipshared/3593/hdl/PWM_Analyzer_v1_0.v:4]
INFO: [Synth 8-6155] done synthesizing module 'hb3_PWM_Analyzer_0_0' (7#1) [c:/Users/ME/Vivado_Projects/project_2/project_2.srcs/sources_1/bd/embsys/ip/embsys_hb3_0_2/hb3.srcs/sources_1/bd/hb3/ip/hb3_PWM_Analyzer_0_0/synth/hb3_PWM_Analyzer_0_0.v:56]
INFO: [Synth 8-6155] done synthesizing module 'hb3' (8#1) [c:/Users/ME/Vivado_Projects/project_2/project_2.srcs/sources_1/bd/embsys/ipshared/9a6f/hb3.srcs/sources_1/bd/hb3/synth/hb3.v:13]
INFO: [Synth 8-6155] done synthesizing module 'embsys_hb3_0_2' (9#1) [c:/Users/ME/Vivado_Projects/project_2/project_2.srcs/sources_1/bd/embsys/ip/embsys_hb3_0_2/synth/embsys_hb3_0_2.v:58]
WARNING: [Synth 8-3331] design PWM_Analyzer_v1_0_S00_AXI has unconnected port S_AXI_AWPROT[2]
WARNING: [Synth 8-3331] design PWM_Analyzer_v1_0_S00_AXI has unconnected port S_AXI_AWPROT[1]
WARNING: [Synth 8-3331] design PWM_Analyzer_v1_0_S00_AXI has unconnected port S_AXI_AWPROT[0]
WARNING: [Synth 8-3331] design PWM_Analyzer_v1_0_S00_AXI has unconnected port S_AXI_ARPROT[2]
WARNING: [Synth 8-3331] design PWM_Analyzer_v1_0_S00_AXI has unconnected port S_AXI_ARPROT[1]
WARNING: [Synth 8-3331] design PWM_Analyzer_v1_0_S00_AXI has unconnected port S_AXI_ARPROT[0]
WARNING: [Synth 8-3331] design PWM_AXI has unconnected port S_AXI_AWPROT[2]
WARNING: [Synth 8-3331] design PWM_AXI has unconnected port S_AXI_AWPROT[1]
WARNING: [Synth 8-3331] design PWM_AXI has unconnected port S_AXI_AWPROT[0]
WARNING: [Synth 8-3331] design PWM_AXI has unconnected port S_AXI_ARPROT[2]
WARNING: [Synth 8-3331] design PWM_AXI has unconnected port S_AXI_ARPROT[1]
WARNING: [Synth 8-3331] design PWM_AXI has unconnected port S_AXI_ARPROT[0]
---------------------------------------------------------------------------------
Finished RTL Elaboration : Time (s): cpu = 00:00:07 ; elapsed = 00:00:08 . Memory (MB): peak = 466.121 ; gain = 157.664
---------------------------------------------------------------------------------

Report Check Netlist: 
+------+------------------+-------+---------+-------+------------------+
|      |Item              |Errors |Warnings |Status |Description       |
+------+------------------+-------+---------+-------+------------------+
|1     |multi_driven_nets |      0|        0|Passed |Multi driven nets |
+------+------------------+-------+---------+-------+------------------+
---------------------------------------------------------------------------------
Start Handling Custom Attributes
---------------------------------------------------------------------------------
---------------------------------------------------------------------------------
Finished Handling Custom Attributes : Time (s): cpu = 00:00:07 ; elapsed = 00:00:08 . Memory (MB): peak = 466.121 ; gain = 157.664
---------------------------------------------------------------------------------
---------------------------------------------------------------------------------
Finished RTL Optimization Phase 1 : Time (s): cpu = 00:00:07 ; elapsed = 00:00:08 . Memory (MB): peak = 466.121 ; gain = 157.664
---------------------------------------------------------------------------------
INFO: [Device 21-403] Loading part xc7a50tcsg324-1
INFO: [Project 1-570] Preparing netlist for logic optimization

Processing XDC Constraints
Initializing timing engine
Parsing XDC File [c:/Users/ME/Vivado_Projects/project_2/project_2.srcs/sources_1/bd/embsys/ip/embsys_hb3_0_2/hb3.srcs/sources_1/bd/hb3/hb3_ooc.xdc] for cell 'inst'
Finished Parsing XDC File [c:/Users/ME/Vivado_Projects/project_2/project_2.srcs/sources_1/bd/embsys/ip/embsys_hb3_0_2/hb3.srcs/sources_1/bd/hb3/hb3_ooc.xdc] for cell 'inst'
Parsing XDC File [C:/Users/ME/Vivado_Projects/project_2/project_2.runs/embsys_hb3_0_2_synth_1/dont_touch.xdc]
Finished Parsing XDC File [C:/Users/ME/Vivado_Projects/project_2/project_2.runs/embsys_hb3_0_2_synth_1/dont_touch.xdc]
Completed Processing XDC Constraints

INFO: [Project 1-111] Unisim Transformation Summary:
No Unisim elements were transformed.

Constraint Validation Runtime : Time (s): cpu = 00:00:00 ; elapsed = 00:00:00.046 . Memory (MB): peak = 798.965 ; gain = 1.641
---------------------------------------------------------------------------------
Finished Constraint Validation : Time (s): cpu = 00:00:21 ; elapsed = 00:00:25 . Memory (MB): peak = 798.965 ; gain = 490.508
---------------------------------------------------------------------------------
---------------------------------------------------------------------------------
Start Loading Part and Timing Information
---------------------------------------------------------------------------------
Loading part: xc7a50tcsg324-1
---------------------------------------------------------------------------------
Finished Loading Part and Timing Information : Time (s): cpu = 00:00:21 ; elapsed = 00:00:25 . Memory (MB): peak = 798.965 ; gain = 490.508
---------------------------------------------------------------------------------
---------------------------------------------------------------------------------
Start Applying 'set_property' XDC Constraints
---------------------------------------------------------------------------------
Applied set_property DONT_TOUCH = true for inst/PWM_Analyzer_0. (constraint file  auto generated constraint, line ).
Applied set_property DONT_TOUCH = true for inst/PWM_0. (constraint file  auto generated constraint, line ).
Applied set_property DONT_TOUCH = true for inst. (constraint file  C:/Users/ME/Vivado_Projects/project_2/project_2.runs/embsys_hb3_0_2_synth_1/dont_touch.xdc, line 15).
---------------------------------------------------------------------------------
Finished applying 'set_property' XDC Constraints : Time (s): cpu = 00:00:21 ; elapsed = 00:00:25 . Memory (MB): peak = 798.965 ; gain = 490.508
---------------------------------------------------------------------------------
INFO: [Synth 8-802] inferred FSM for state register 'ps_reg' in module 'pulseLength'
INFO: [Synth 8-5544] ROM "ns" won't be mapped to Block RAM because address size (1) smaller than threshold (5)
INFO: [Synth 8-5544] ROM "ns" won't be mapped to Block RAM because address size (1) smaller than threshold (5)
INFO: [Synth 8-5544] ROM "ns" won't be mapped to Block RAM because address size (1) smaller than threshold (5)
WARNING: [Synth 8-327] inferring latch for variable 'reg_data_out_reg' [c:/Users/ME/Vivado_Projects/project_2/project_2.srcs/sources_1/bd/embsys/ip/embsys_hb3_0_2/hb3.srcs/sources_1/bd/hb3/ipshared/1f26/hdl/PWM_AXI.sv:388]
---------------------------------------------------------------------------------------------------
                   State |                     New Encoding |                Previous Encoding 
---------------------------------------------------------------------------------------------------
                    init |                               00 |                               00
                   first |                               01 |                               01
                     low |                               10 |                               10
                    high |                               11 |                               11
---------------------------------------------------------------------------------------------------
INFO: [Synth 8-3354] encoded FSM with state register 'ps_reg' using encoding 'sequential' in module 'pulseLength'
---------------------------------------------------------------------------------
Finished RTL Optimization Phase 2 : Time (s): cpu = 00:00:22 ; elapsed = 00:00:25 . Memory (MB): peak = 798.965 ; gain = 490.508
---------------------------------------------------------------------------------

Report RTL Partitions: 
+-+--------------+------------+----------+
| |RTL Partition |Replication |Instances |
+-+--------------+------------+----------+
+-+--------------+------------+----------+
---------------------------------------------------------------------------------
Start RTL Component Statistics 
---------------------------------------------------------------------------------
Detailed RTL Component Info : 
+---Adders : 
	   2 Input     32 Bit       Adders := 1     
	   2 Input     31 Bit       Adders := 2     
+---XORs : 
	   2 Input      1 Bit         XORs := 1     
+---Registers : 
	               32 Bit    Registers := 10    
	               31 Bit    Registers := 4     
	                7 Bit    Registers := 2     
	                4 Bit    Registers := 2     
	                2 Bit    Registers := 4     
	                1 Bit    Registers := 14    
+---Muxes : 
	   2 Input     32 Bit        Muxes := 7     
	   5 Input     32 Bit        Muxes := 4     
	   4 Input     32 Bit        Muxes := 2     
	   4 Input     31 Bit        Muxes := 2     
	   4 Input      2 Bit        Muxes := 1     
	   2 Input      2 Bit        Muxes := 5     
	   2 Input      1 Bit        Muxes := 10    
	   4 Input      1 Bit        Muxes := 4     
---------------------------------------------------------------------------------
Finished RTL Component Statistics 
---------------------------------------------------------------------------------
---------------------------------------------------------------------------------
Start RTL Hierarchical Component Statistics 
---------------------------------------------------------------------------------
Hierarchical RTL Component report 
Module PWM_AXI 
Detailed RTL Component Info : 
+---Registers : 
	               32 Bit    Registers := 5     
	                7 Bit    Registers := 2     
	                2 Bit    Registers := 2     
	                1 Bit    Registers := 5     
+---Muxes : 
	   2 Input     32 Bit        Muxes := 6     
	   5 Input     32 Bit        Muxes := 4     
	   2 Input      1 Bit        Muxes := 4     
Module PWM_v2_0 
Detailed RTL Component Info : 
+---Registers : 
	               32 Bit    Registers := 2     
	                1 Bit    Registers := 1     
+---Muxes : 
	   2 Input      1 Bit        Muxes := 2     
Module pulseLength 
Detailed RTL Component Info : 
+---Adders : 
	   2 Input     32 Bit       Adders := 1     
	   2 Input     31 Bit       Adders := 2     
+---XORs : 
	   2 Input      1 Bit         XORs := 1     
+---Registers : 
	               32 Bit    Registers := 1     
	               31 Bit    Registers := 4     
	                1 Bit    Registers := 1     
+---Muxes : 
	   4 Input     31 Bit        Muxes := 2     
	   4 Input      2 Bit        Muxes := 1     
	   2 Input      2 Bit        Muxes := 5     
	   4 Input      1 Bit        Muxes := 4     
Module PWM_Analyzer_v1_0_S00_AXI 
Detailed RTL Component Info : 
+---Registers : 
	               32 Bit    Registers := 2     
	                4 Bit    Registers := 2     
	                2 Bit    Registers := 2     
	                1 Bit    Registers := 7     
+---Muxes : 
	   2 Input     32 Bit        Muxes := 1     
	   4 Input     32 Bit        Muxes := 2     
	   2 Input      1 Bit        Muxes := 4     
---------------------------------------------------------------------------------
Finished RTL Hierarchical Component Statistics
---------------------------------------------------------------------------------
---------------------------------------------------------------------------------
Start Part Resource Summary
---------------------------------------------------------------------------------
Part Resources:
DSPs: 120 (col length:60)
BRAMs: 150 (col length: RAMB18 60 RAMB36 30)
---------------------------------------------------------------------------------
Finished Part Resource Summary
---------------------------------------------------------------------------------
---------------------------------------------------------------------------------
Start Cross Boundary and Area Optimization
---------------------------------------------------------------------------------
Warning: Parallel synthesis criteria is not met 
WARNING: [Synth 8-3331] design hb3_PWM_Analyzer_0_0 has unconnected port s00_axi_awprot[2]
WARNING: [Synth 8-3331] design hb3_PWM_Analyzer_0_0 has unconnected port s00_axi_awprot[1]
WARNING: [Synth 8-3331] design hb3_PWM_Analyzer_0_0 has unconnected port s00_axi_awprot[0]
WARNING: [Synth 8-3331] design hb3_PWM_Analyzer_0_0 has unconnected port s00_axi_arprot[2]
WARNING: [Synth 8-3331] design hb3_PWM_Analyzer_0_0 has unconnected port s00_axi_arprot[1]
WARNING: [Synth 8-3331] design hb3_PWM_Analyzer_0_0 has unconnected port s00_axi_arprot[0]
WARNING: [Synth 8-3331] design hb3_PWM_0_0 has unconnected port pwm_axi_awprot[2]
WARNING: [Synth 8-3331] design hb3_PWM_0_0 has unconnected port pwm_axi_awprot[1]
WARNING: [Synth 8-3331] design hb3_PWM_0_0 has unconnected port pwm_axi_awprot[0]
WARNING: [Synth 8-3331] design hb3_PWM_0_0 has unconnected port pwm_axi_arprot[2]
WARNING: [Synth 8-3331] design hb3_PWM_0_0 has unconnected port pwm_axi_arprot[1]
WARNING: [Synth 8-3331] design hb3_PWM_0_0 has unconnected port pwm_axi_arprot[0]
INFO: [Synth 8-3886] merging instance 'inst/PWM_0/inst/PWM_AXI_inst/axi_rresp_reg[0]' (FDRE) to 'inst/PWM_0/inst/PWM_AXI_inst/axi_rresp_reg[1]'
INFO: [Synth 8-3333] propagating constant 0 across sequential element (inst/PWM_0/\inst/PWM_AXI_inst/axi_rresp_reg[1] )
INFO: [Synth 8-3886] merging instance 'inst/PWM_0/inst/PWM_AXI_inst/axi_bresp_reg[0]' (FDRE) to 'inst/PWM_0/inst/PWM_AXI_inst/axi_bresp_reg[1]'
INFO: [Synth 8-3333] propagating constant 0 across sequential element (inst/PWM_0/\inst/PWM_AXI_inst/axi_bresp_reg[1] )
INFO: [Synth 8-3332] Sequential element (inst/PWM_AXI_inst/reg_data_out_reg[31]) is unused and will be removed from module hb3_PWM_0_0.
INFO: [Synth 8-3332] Sequential element (inst/PWM_AXI_inst/reg_data_out_reg[30]) is unused and will be removed from module hb3_PWM_0_0.
INFO: [Synth 8-3332] Sequential element (inst/PWM_AXI_inst/reg_data_out_reg[29]) is unused and will be removed from module hb3_PWM_0_0.
INFO: [Synth 8-3332] Sequential element (inst/PWM_AXI_inst/reg_data_out_reg[28]) is unused and will be removed from module hb3_PWM_0_0.
INFO: [Synth 8-3332] Sequential element (inst/PWM_AXI_inst/reg_data_out_reg[27]) is unused and will be removed from module hb3_PWM_0_0.
INFO: [Synth 8-3332] Sequential element (inst/PWM_AXI_inst/reg_data_out_reg[26]) is unused and will be removed from module hb3_PWM_0_0.
INFO: [Synth 8-3332] Sequential element (inst/PWM_AXI_inst/reg_data_out_reg[25]) is unused and will be removed from module hb3_PWM_0_0.
INFO: [Synth 8-3332] Sequential element (inst/PWM_AXI_inst/reg_data_out_reg[24]) is unused and will be removed from module hb3_PWM_0_0.
INFO: [Synth 8-3332] Sequential element (inst/PWM_AXI_inst/reg_data_out_reg[23]) is unused and will be removed from module hb3_PWM_0_0.
INFO: [Synth 8-3332] Sequential element (inst/PWM_AXI_inst/reg_data_out_reg[22]) is unused and will be removed from module hb3_PWM_0_0.
INFO: [Synth 8-3332] Sequential element (inst/PWM_AXI_inst/reg_data_out_reg[21]) is unused and will be removed from module hb3_PWM_0_0.
INFO: [Synth 8-3332] Sequential element (inst/PWM_AXI_inst/reg_data_out_reg[20]) is unused and will be removed from module hb3_PWM_0_0.
INFO: [Synth 8-3332] Sequential element (inst/PWM_AXI_inst/reg_data_out_reg[19]) is unused and will be removed from module hb3_PWM_0_0.
INFO: [Synth 8-3332] Sequential element (inst/PWM_AXI_inst/reg_data_out_reg[18]) is unused and will be removed from module hb3_PWM_0_0.
INFO: [Synth 8-3332] Sequential element (inst/PWM_AXI_inst/reg_data_out_reg[17]) is unused and will be removed from module hb3_PWM_0_0.
INFO: [Synth 8-3332] Sequential element (inst/PWM_AXI_inst/reg_data_out_reg[16]) is unused and will be removed from module hb3_PWM_0_0.
INFO: [Synth 8-3332] Sequential element (inst/PWM_AXI_inst/reg_data_out_reg[15]) is unused and will be removed from module hb3_PWM_0_0.
INFO: [Synth 8-3332] Sequential element (inst/PWM_AXI_inst/reg_data_out_reg[14]) is unused and will be removed from module hb3_PWM_0_0.
INFO: [Synth 8-3332] Sequential element (inst/PWM_AXI_inst/reg_data_out_reg[13]) is unused and will be removed from module hb3_PWM_0_0.
INFO: [Synth 8-3332] Sequential element (inst/PWM_AXI_inst/reg_data_out_reg[12]) is unused and will be removed from module hb3_PWM_0_0.
INFO: [Synth 8-3332] Sequential element (inst/PWM_AXI_inst/reg_data_out_reg[11]) is unused and will be removed from module hb3_PWM_0_0.
INFO: [Synth 8-3332] Sequential element (inst/PWM_AXI_inst/reg_data_out_reg[10]) is unused and will be removed from module hb3_PWM_0_0.
INFO: [Synth 8-3332] Sequential element (inst/PWM_AXI_inst/reg_data_out_reg[9]) is unused and will be removed from module hb3_PWM_0_0.
INFO: [Synth 8-3332] Sequential element (inst/PWM_AXI_inst/reg_data_out_reg[8]) is unused and will be removed from module hb3_PWM_0_0.
INFO: [Synth 8-3332] Sequential element (inst/PWM_AXI_inst/reg_data_out_reg[7]) is unused and will be removed from module hb3_PWM_0_0.
INFO: [Synth 8-3332] Sequential element (inst/PWM_AXI_inst/reg_data_out_reg[6]) is unused and will be removed from module hb3_PWM_0_0.
INFO: [Synth 8-3332] Sequential element (inst/PWM_AXI_inst/reg_data_out_reg[5]) is unused and will be removed from module hb3_PWM_0_0.
INFO: [Synth 8-3332] Sequential element (inst/PWM_AXI_inst/reg_data_out_reg[4]) is unused and will be removed from module hb3_PWM_0_0.
INFO: [Synth 8-3332] Sequential element (inst/PWM_AXI_inst/reg_data_out_reg[3]) is unused and will be removed from module hb3_PWM_0_0.
INFO: [Synth 8-3332] Sequential element (inst/PWM_AXI_inst/reg_data_out_reg[2]) is unused and will be removed from module hb3_PWM_0_0.
INFO: [Synth 8-3332] Sequential element (inst/PWM_AXI_inst/reg_data_out_reg[1]) is unused and will be removed from module hb3_PWM_0_0.
INFO: [Synth 8-3332] Sequential element (inst/PWM_AXI_inst/reg_data_out_reg[0]) is unused and will be removed from module hb3_PWM_0_0.
INFO: [Synth 8-3332] Sequential element (inst/PWM_AXI_inst/axi_bresp_reg[1]) is unused and will be removed from module hb3_PWM_0_0.
INFO: [Synth 8-3332] Sequential element (inst/PWM_AXI_inst/axi_rresp_reg[1]) is unused and will be removed from module hb3_PWM_0_0.
INFO: [Synth 8-3332] Sequential element (inst/PWM_AXI_inst/axi_awaddr_reg[1]) is unused and will be removed from module hb3_PWM_0_0.
INFO: [Synth 8-3332] Sequential element (inst/PWM_AXI_inst/axi_awaddr_reg[0]) is unused and will be removed from module hb3_PWM_0_0.
INFO: [Synth 8-3332] Sequential element (inst/PWM_AXI_inst/axi_araddr_reg[1]) is unused and will be removed from module hb3_PWM_0_0.
INFO: [Synth 8-3332] Sequential element (inst/PWM_AXI_inst/axi_araddr_reg[0]) is unused and will be removed from module hb3_PWM_0_0.
INFO: [Synth 8-3886] merging instance 'inst/PWM_Analyzer_0/inst/PWM_Analyzer_v1_0_S00_AXI_inst/axi_rresp_reg[0]' (FDRE) to 'inst/PWM_Analyzer_0/inst/PWM_Analyzer_v1_0_S00_AXI_inst/axi_rresp_reg[1]'
INFO: [Synth 8-3333] propagating constant 0 across sequential element (inst/PWM_Analyzer_0/\inst/PWM_Analyzer_v1_0_S00_AXI_inst/axi_rresp_reg[1] )
INFO: [Synth 8-3886] merging instance 'inst/PWM_Analyzer_0/inst/PWM_Analyzer_v1_0_S00_AXI_inst/axi_bresp_reg[0]' (FDRE) to 'inst/PWM_Analyzer_0/inst/PWM_Analyzer_v1_0_S00_AXI_inst/axi_bresp_reg[1]'
INFO: [Synth 8-3333] propagating constant 0 across sequential element (inst/PWM_Analyzer_0/\inst/PWM_Analyzer_v1_0_S00_AXI_inst/axi_bresp_reg[1] )
INFO: [Synth 8-3332] Sequential element (inst/PWM_Analyzer_v1_0_S00_AXI_inst/axi_bresp_reg[1]) is unused and will be removed from module hb3_PWM_Analyzer_0_0.
INFO: [Synth 8-3332] Sequential element (inst/PWM_Analyzer_v1_0_S00_AXI_inst/axi_araddr_reg[1]) is unused and will be removed from module hb3_PWM_Analyzer_0_0.
INFO: [Synth 8-3332] Sequential element (inst/PWM_Analyzer_v1_0_S00_AXI_inst/axi_araddr_reg[0]) is unused and will be removed from module hb3_PWM_Analyzer_0_0.
INFO: [Synth 8-3332] Sequential element (inst/PWM_Analyzer_v1_0_S00_AXI_inst/axi_awaddr_reg[1]) is unused and will be removed from module hb3_PWM_Analyzer_0_0.
INFO: [Synth 8-3332] Sequential element (inst/PWM_Analyzer_v1_0_S00_AXI_inst/axi_awaddr_reg[0]) is unused and will be removed from module hb3_PWM_Analyzer_0_0.
INFO: [Synth 8-3332] Sequential element (inst/PWM_Analyzer_v1_0_S00_AXI_inst/axi_rresp_reg[1]) is unused and will be removed from module hb3_PWM_Analyzer_0_0.
---------------------------------------------------------------------------------
Finished Cross Boundary and Area Optimization : Time (s): cpu = 00:00:24 ; elapsed = 00:00:28 . Memory (MB): peak = 798.965 ; gain = 490.508
---------------------------------------------------------------------------------

Report RTL Partitions: 
+-+--------------+------------+----------+
| |RTL Partition |Replication |Instances |
+-+--------------+------------+----------+
+-+--------------+------------+----------+
---------------------------------------------------------------------------------
Start Applying XDC Timing Constraints
---------------------------------------------------------------------------------
---------------------------------------------------------------------------------
Finished Applying XDC Timing Constraints : Time (s): cpu = 00:00:37 ; elapsed = 00:00:43 . Memory (MB): peak = 798.965 ; gain = 490.508
---------------------------------------------------------------------------------
---------------------------------------------------------------------------------
Start Timing Optimization
---------------------------------------------------------------------------------
---------------------------------------------------------------------------------
Finished Timing Optimization : Time (s): cpu = 00:00:38 ; elapsed = 00:00:43 . Memory (MB): peak = 798.965 ; gain = 490.508
---------------------------------------------------------------------------------

Report RTL Partitions: 
+-+--------------+------------+----------+
| |RTL Partition |Replication |Instances |
+-+--------------+------------+----------+
+-+--------------+------------+----------+
---------------------------------------------------------------------------------
Start Technology Mapping
---------------------------------------------------------------------------------
INFO: [Synth 8-5816] Retiming module `hb3_PWM_0_0`
	Effective logic levels on critical path before retiming is: 4
	Total number of crtical paths = 3200

	Optimizing at the module level
	Cannot find a feasible solution:
		Worst path is a self-loop from inst/PWM_0/inst/max_reg[31] to inst/PWM_0/inst/max_reg[31]
	Optimizing locally to improve critical paths(may not reduce worst delay)

	Effective logic levels on critical path after retiming is: 4
	Total number of crtical paths = 3200
	Numbers of forward move = 0, and backward move = 0


INFO: [Synth 8-5816] Retiming module `hb3_PWM_0_0' done


INFO: [Synth 8-5816] Retiming module `hb3_PWM_Analyzer_0_0`
	Effective logic levels on critical path before retiming is: 5
	Total number of crtical paths = 356

	Optimizing at the module level
	Cannot find a feasible solution:
		Effective logic levels from inst/PWM_Analyzer_0/inst/PWM_Analyzer_v1_0_S00_AXI_inst/pulse_length/count_clk0_reg[1] to inst/PWM_Analyzer_0/inst/PWM_Analyzer_v1_0_S00_AXI_inst/pulse_length/count_clk0_reg[29] is: 5
		Effective logic levels from inst/PWM_Analyzer_0/inst/PWM_Analyzer_v1_0_S00_AXI_inst/pulse_length/count_clk0_reg[29] to inst/PWM_Analyzer_0/inst/PWM_Analyzer_v1_0_S00_AXI_inst/pulse_length/count_clk0_reg[1] is: 3
		Effective logic levels found across for latency (=2) is: 8
	Optimizing locally to improve critical paths(may not reduce worst delay)

	Effective logic levels on critical path after retiming is: 5
	Total number of crtical paths = 356
	Numbers of forward move = 0, and backward move = 0


INFO: [Synth 8-5816] Retiming module `hb3_PWM_Analyzer_0_0' done


INFO: [Synth 8-5816] Retiming module `hb3`
	Effective logic levels is 0, the effective logic levels of whole design is 5
	Skipping retiming for this module

INFO: [Synth 8-5816] Retiming module `hb3' done


INFO: [Synth 8-5816] Retiming module `embsys_hb3_0_2`
	Effective logic levels is 0, the effective logic levels of whole design is 5
	Skipping retiming for this module

INFO: [Synth 8-5816] Retiming module `embsys_hb3_0_2' done


---------------------------------------------------------------------------------
Finished Technology Mapping : Time (s): cpu = 00:00:39 ; elapsed = 00:00:44 . Memory (MB): peak = 809.793 ; gain = 501.336
---------------------------------------------------------------------------------

Report RTL Partitions: 
+-+--------------+------------+----------+
| |RTL Partition |Replication |Instances |
+-+--------------+------------+----------+
+-+--------------+------------+----------+
---------------------------------------------------------------------------------
Start IO Insertion
---------------------------------------------------------------------------------
---------------------------------------------------------------------------------
Start Flattening Before IO Insertion
---------------------------------------------------------------------------------
---------------------------------------------------------------------------------
Finished Flattening Before IO Insertion
---------------------------------------------------------------------------------
---------------------------------------------------------------------------------
Start Final Netlist Cleanup
---------------------------------------------------------------------------------
INFO: [Synth 8-5816] Retiming module `hb3_PWM_Analyzer_0_0`
	Numbers of forward move = 0, and backward move = 2

	Retimed registers names:
		inst/PWM_Analyzer_0/inst/PWM_Analyzer_v1_0_S00_AXI_inst/pulse_length/count_clk0_reg[30]_bret
		inst/PWM_Analyzer_0/inst/PWM_Analyzer_v1_0_S00_AXI_inst/pulse_length/count_clk0_reg[30]_bret__0
		inst/PWM_Analyzer_0/inst/PWM_Analyzer_v1_0_S00_AXI_inst/pulse_length/count_clk0_reg[30]_bret__1
		inst/PWM_Analyzer_0/inst/PWM_Analyzer_v1_0_S00_AXI_inst/pulse_length/count_clk1_reg[30]_bret
		inst/PWM_Analyzer_0/inst/PWM_Analyzer_v1_0_S00_AXI_inst/pulse_length/count_clk1_reg[30]_bret__0
 

INFO: [Synth 8-5816] Retiming module `hb3_PWM_Analyzer_0_0' done


INFO: [Synth 8-3332] Sequential element (inst/PWM_Analyzer_v1_0_S00_AXI_inst/pulse_length/count_clk0_reg[30]) is unused and will be removed from module hb3_PWM_Analyzer_0_0.
INFO: [Synth 8-3332] Sequential element (inst/PWM_Analyzer_v1_0_S00_AXI_inst/pulse_length/count_clk1_reg[30]) is unused and will be removed from module hb3_PWM_Analyzer_0_0.
---------------------------------------------------------------------------------
Finished Final Netlist Cleanup
---------------------------------------------------------------------------------
---------------------------------------------------------------------------------
Finished IO Insertion : Time (s): cpu = 00:00:41 ; elapsed = 00:00:46 . Memory (MB): peak = 809.793 ; gain = 501.336
---------------------------------------------------------------------------------

Report Check Netlist: 
+------+------------------+-------+---------+-------+------------------+
|      |Item              |Errors |Warnings |Status |Description       |
+------+------------------+-------+---------+-------+------------------+
|1     |multi_driven_nets |      0|        0|Passed |Multi driven nets |
+------+------------------+-------+---------+-------+------------------+
---------------------------------------------------------------------------------
Start Renaming Generated Instances
---------------------------------------------------------------------------------
---------------------------------------------------------------------------------
Finished Renaming Generated Instances : Time (s): cpu = 00:00:41 ; elapsed = 00:00:46 . Memory (MB): peak = 809.793 ; gain = 501.336
---------------------------------------------------------------------------------

Report RTL Partitions: 
+-+--------------+------------+----------+
| |RTL Partition |Replication |Instances |
+-+--------------+------------+----------+
+-+--------------+------------+----------+
---------------------------------------------------------------------------------
Start Rebuilding User Hierarchy
---------------------------------------------------------------------------------
---------------------------------------------------------------------------------
Finished Rebuilding User Hierarchy : Time (s): cpu = 00:00:41 ; elapsed = 00:00:46 . Memory (MB): peak = 809.793 ; gain = 501.336
---------------------------------------------------------------------------------
---------------------------------------------------------------------------------
Start Renaming Generated Ports
---------------------------------------------------------------------------------
---------------------------------------------------------------------------------
Finished Renaming Generated Ports : Time (s): cpu = 00:00:41 ; elapsed = 00:00:46 . Memory (MB): peak = 809.793 ; gain = 501.336
---------------------------------------------------------------------------------
---------------------------------------------------------------------------------
Start Handling Custom Attributes
---------------------------------------------------------------------------------
---------------------------------------------------------------------------------
Finished Handling Custom Attributes : Time (s): cpu = 00:00:41 ; elapsed = 00:00:46 . Memory (MB): peak = 809.793 ; gain = 501.336
---------------------------------------------------------------------------------
---------------------------------------------------------------------------------
Start Renaming Generated Nets
---------------------------------------------------------------------------------
---------------------------------------------------------------------------------
Finished Renaming Generated Nets : Time (s): cpu = 00:00:41 ; elapsed = 00:00:46 . Memory (MB): peak = 809.793 ; gain = 501.336
---------------------------------------------------------------------------------
---------------------------------------------------------------------------------
Start Writing Synthesis Report
---------------------------------------------------------------------------------

Report BlackBoxes: 
+-+--------------+----------+
| |BlackBox name |Instances |
+-+--------------+----------+
+-+--------------+----------+

Report Cell Usage: 
+------+-------+------+
|      |Cell   |Count |
+------+-------+------+
|1     |CARRY4 |    40|
|2     |LUT1   |     3|
|3     |LUT2   |    82|
|4     |LUT3   |    37|
|5     |LUT4   |    89|
|6     |LUT5   |    39|
|7     |LUT6   |    73|
|8     |FDRE   |   477|
+------+-------+------+

Report Instance Areas: 
+------+---------------------------------------+--------------------------+------+
|      |Instance                               |Module                    |Cells |
+------+---------------------------------------+--------------------------+------+
|1     |top                                    |                          |   840|
|2     |  inst                                 |hb3                       |   840|
|3     |    PWM_0                              |hb3_PWM_0_0               |   448|
|4     |      inst                             |PWM_v2_0                  |   448|
|5     |        PWM_AXI_inst                   |PWM_AXI                   |   268|
|6     |    PWM_Analyzer_0                     |hb3_PWM_Analyzer_0_0      |   392|
|7     |      inst                             |PWM_Analyzer_v1_0         |   392|
|8     |        PWM_Analyzer_v1_0_S00_AXI_inst |PWM_Analyzer_v1_0_S00_AXI |   392|
|9     |          pulse_length                 |pulseLength               |   270|
+------+---------------------------------------+--------------------------+------+
---------------------------------------------------------------------------------
Finished Writing Synthesis Report : Time (s): cpu = 00:00:41 ; elapsed = 00:00:46 . Memory (MB): peak = 809.793 ; gain = 501.336
---------------------------------------------------------------------------------
Synthesis finished with 0 errors, 0 critical warnings and 13 warnings.
Synthesis Optimization Runtime : Time (s): cpu = 00:00:24 ; elapsed = 00:00:34 . Memory (MB): peak = 809.793 ; gain = 168.492
Synthesis Optimization Complete : Time (s): cpu = 00:00:41 ; elapsed = 00:00:46 . Memory (MB): peak = 809.793 ; gain = 501.336
INFO: [Project 1-571] Translating synthesized netlist
INFO: [Netlist 29-17] Analyzing 40 Unisim elements for replacement
INFO: [Netlist 29-28] Unisim Transformation completed in 0 CPU seconds
INFO: [Project 1-570] Preparing netlist for logic optimization
INFO: [Opt 31-138] Pushed 0 inverter(s) to 0 load pin(s).
INFO: [Project 1-111] Unisim Transformation Summary:
No Unisim elements were transformed.

INFO: [Common 17-83] Releasing license: Synthesis
100 Infos, 25 Warnings, 0 Critical Warnings and 0 Errors encountered.
synth_design completed successfully
synth_design: Time (s): cpu = 00:00:44 ; elapsed = 00:00:49 . Memory (MB): peak = 809.793 ; gain = 512.805
WARNING: [Constraints 18-5210] No constraint will be written out.
INFO: [Common 17-1381] The checkpoint 'C:/Users/ME/Vivado_Projects/project_2/project_2.runs/embsys_hb3_0_2_synth_1/embsys_hb3_0_2.dcp' has been generated.
