Copyright 1986-2018 Xilinx, Inc. All Rights Reserved.
------------------------------------------------------------------------------------
| Tool Version : Vivado v.2018.2 (win64) Build 2258646 Thu Jun 14 20:03:12 MDT 2018
| Date         : Wed May 20 00:50:40 2020
| Host         : DESKTOP-J4B3MVP running 64-bit major release  (build 9200)
| Command      : upgrade_ip
| Device       : xc7a50tcsg324-1
------------------------------------------------------------------------------------

Upgrade Log for IP 'embsys_pmod_hb3_0_0'

1. Summary
----------

SUCCESS in the upgrade of embsys_pmod_hb3_0_0 (xilinx.com:user:pmod_hb3:1.0) from (Rev. 6) to (Rev. 7)






Copyright 1986-2018 Xilinx, Inc. All Rights Reserved.
------------------------------------------------------------------------------------
| Tool Version : Vivado v.2018.2 (win64) Build 2258646 Thu Jun 14 20:03:12 MDT 2018
| Date         : Tue May 19 13:33:13 2020
| Host         : DESKTOP-J4B3MVP running 64-bit major release  (build 9200)
| Command      : upgrade_ip
| Device       : xc7a50tcsg324-1
------------------------------------------------------------------------------------

Upgrade Log for IP 'embsys_pmod_hb3_0_0'

1. Summary
----------

SUCCESS in the upgrade of embsys_pmod_hb3_0_0 (xilinx.com:user:pmod_hb3:1.0) from (Rev. 5) to (Rev. 6)






Copyright 1986-2018 Xilinx, Inc. All Rights Reserved.
------------------------------------------------------------------------------------
| Tool Version : Vivado v.2018.2 (win64) Build 2258646 Thu Jun 14 20:03:12 MDT 2018
| Date         : Tue May 19 12:40:18 2020
| Host         : DESKTOP-J4B3MVP running 64-bit major release  (build 9200)
| Command      : upgrade_ip
| Device       : xc7a50tcsg324-1
------------------------------------------------------------------------------------

Upgrade Log for IP 'embsys_pmod_hb3_0_0'

1. Summary
----------

SUCCESS in the upgrade of embsys_pmod_hb3_0_0 (xilinx.com:user:pmod_hb3:1.0) from (Rev. 4) to (Rev. 5)






Copyright 1986-2018 Xilinx, Inc. All Rights Reserved.
------------------------------------------------------------------------------------
| Tool Version : Vivado v.2018.2 (win64) Build 2258646 Thu Jun 14 20:03:12 MDT 2018
| Date         : Tue May 19 10:47:10 2020
| Host         : DESKTOP-J4B3MVP running 64-bit major release  (build 9200)
| Command      : upgrade_ip
| Device       : xc7a50tcsg324-1
------------------------------------------------------------------------------------

Upgrade Log for IP 'embsys_pmod_hb3_0_0'

1. Summary
----------

SUCCESS in the conversion of embsys_pmod_hb3_0_0 (xilinx.com:user:pmod_hb3:1.0 (Rev. 4)) to Vivado generation flows.






Copyright 1986-2018 Xilinx, Inc. All Rights Reserved.
------------------------------------------------------------------------------------
| Tool Version : Vivado v.2018.2 (win64) Build 2258646 Thu Jun 14 20:03:12 MDT 2018
| Date         : Tue May 19 10:46:01 2020
| Host         : DESKTOP-J4B3MVP running 64-bit major release  (build 9200)
| Command      : upgrade_ip
| Device       : xc7a50tcsg324-1
------------------------------------------------------------------------------------

Upgrade Log for IP 'embsys_pmod_hb3_0_0'

1. Summary
----------

SUCCESS in the upgrade of embsys_pmod_hb3_0_0 (xilinx.com:user:pmod_hb3:1.0) from (Rev. 3) to (Rev. 4)






Copyright 1986-2018 Xilinx, Inc. All Rights Reserved.
------------------------------------------------------------------------------------
| Tool Version : Vivado v.2018.2 (win64) Build 2258646 Thu Jun 14 20:03:12 MDT 2018
| Date         : Tue May 19 10:15:15 2020
| Host         : DESKTOP-J4B3MVP running 64-bit major release  (build 9200)
| Command      : upgrade_ip
| Device       : xc7a50tcsg324-1
------------------------------------------------------------------------------------

Upgrade Log for IP 'embsys_pmod_hb3_0_0'

1. Summary
----------

SUCCESS in the upgrade of embsys_pmod_hb3_0_0 (xilinx.com:user:pmod_hb3:1.0) from (Rev. 2) to (Rev. 3)

