22:10:08 INFO  : Registering command handlers for SDK TCF services
22:10:09 INFO  : Launching XSCT server: xsct.bat -interactive C:\Users\ME\Vivado_Projects\project_2\project_2.sdk\temp_xsdb_launch_script.tcl
22:10:12 INFO  : XSCT server has started successfully.
22:10:13 INFO  : Successfully done setting XSCT server connection channel  
22:10:13 INFO  : Successfully done setting SDK workspace  
22:10:13 INFO  : Processing command line option -hwspec C:/Users/ME/Vivado_Projects/project_2/project_2.sdk/nexysA7fpga.hdf.
22:27:07 INFO  : Inferring section assignments and sizes from elf file: C:\Users\ME\Vivado_Projects\project_2\project_2.sdk\project2\Debug\project2.elf
22:27:16 INFO  : Successfully generated C:\Users\ME\Vivado_Projects\project_2\project_2.sdk\project2\src\lscript.ld.
22:27:16 INFO  : Applying linker script to all configurations of project project2.
22:27:16 INFO  : Setting rebuild state to true for all configurations of project project2.
22:30:13 INFO  : Inferring section assignments and sizes from elf file: C:\Users\ME\Vivado_Projects\project_2\project_2.sdk\project2\Debug\project2.elf
22:30:16 INFO  : Successfully generated C:\Users\ME\Vivado_Projects\project_2\project_2.sdk\project2\src\lscript.ld.
22:30:16 INFO  : Applying linker script to all configurations of project project2.
22:30:16 INFO  : Setting rebuild state to true for all configurations of project project2.
22:32:29 INFO  : Connected to target on host '127.0.0.1' and port '3121'.
22:32:30 INFO  : 'targets -set -filter {jtag_cable_name =~ "Digilent Nexys A7 -50T 210292AA7EAAA" && level==0} -index 0' command is executed.
22:32:32 INFO  : FPGA configured successfully with bitstream "C:/Users/ME/Vivado_Projects/project_2/project_2.sdk/nexysA7fpga_hw_platform_0/download.bit"
22:33:08 INFO  : 'targets -set -filter {jtag_cable_name =~ "Digilent Nexys A7 -50T 210292AA7EAAA" && level==0} -index 0' command is executed.
22:33:09 INFO  : 'fpga -state' command is executed.
22:33:09 INFO  : Connected to target on host '127.0.0.1' and port '3121'.
22:33:09 INFO  : Jtag cable 'Digilent Nexys A7 -50T 210292AA7EAAA' is selected.
22:33:09 INFO  : 'jtag frequency' command is executed.
22:33:09 INFO  : 'configparams mdm-detect-bscan-mask 2' command is executed.
22:33:09 INFO  : Context for processor 'microblaze_0' is selected.
22:33:09 INFO  : Processor reset is completed for 'microblaze_0'.
22:33:09 INFO  : Context for processor 'microblaze_0' is selected.
22:33:09 INFO  : The application 'C:/Users/ME/Vivado_Projects/project_2/project_2.sdk/project2/Debug/project2.elf' is downloaded to processor 'microblaze_0'.
22:33:09 INFO  : ----------------XSDB Script----------------
connect -url tcp:127.0.0.1:3121
configparams mdm-detect-bscan-mask 2
targets -set -nocase -filter {name =~ "microblaze*#0" && bscan=="USER2"  && jtag_cable_name =~ "Digilent Nexys A7 -50T 210292AA7EAAA"} -index 0
rst -processor
targets -set -nocase -filter {name =~ "microblaze*#0" && bscan=="USER2"  && jtag_cable_name =~ "Digilent Nexys A7 -50T 210292AA7EAAA"} -index 0
dow C:/Users/ME/Vivado_Projects/project_2/project_2.sdk/project2/Debug/project2.elf
----------------End of Script----------------

22:33:09 INFO  : Memory regions updated for context PA
22:33:09 INFO  : Memory regions updated for context PA
22:33:09 INFO  : Context for processor 'microblaze_0' is selected.
22:33:09 INFO  : 'con' command is executed.
22:33:09 INFO  : ----------------XSDB Script (After Launch)----------------
targets -set -nocase -filter {name =~ "microblaze*#0" && bscan=="USER2"  && jtag_cable_name =~ "Digilent Nexys A7 -50T 210292AA7EAAA"} -index 0
con
----------------End of Script----------------

22:33:09 INFO  : Launch script is exported to file 'C:\Users\ME\Vivado_Projects\project_2\project_2.sdk\.sdk\launch_scripts\xilinx_c-c++_application_(system_debugger)\system_debugger_using_debug_project2.elf_on_local.tcl'
22:38:52 INFO  : Refreshed build settings on project project2
22:42:26 INFO  : Disconnected from the channel tcfchan#1.
22:42:27 INFO  : 'targets -set -filter {jtag_cable_name =~ "Digilent Nexys A7 -50T 210292AA7EAAA" && level==0} -index 0' command is executed.
22:42:27 INFO  : 'fpga -state' command is executed.
22:42:27 INFO  : Connected to target on host '127.0.0.1' and port '3121'.
22:42:27 INFO  : Jtag cable 'Digilent Nexys A7 -50T 210292AA7EAAA' is selected.
22:42:27 INFO  : 'jtag frequency' command is executed.
22:42:27 INFO  : 'configparams mdm-detect-bscan-mask 2' command is executed.
22:42:27 INFO  : Context for processor 'microblaze_0' is selected.
22:42:27 INFO  : Processor reset is completed for 'microblaze_0'.
22:42:27 INFO  : Context for processor 'microblaze_0' is selected.
22:42:27 INFO  : The application 'C:/Users/ME/Vivado_Projects/project_2/project_2.sdk/project2/Debug/project2.elf' is downloaded to processor 'microblaze_0'.
22:42:27 INFO  : ----------------XSDB Script----------------
connect -url tcp:127.0.0.1:3121
configparams mdm-detect-bscan-mask 2
targets -set -nocase -filter {name =~ "microblaze*#0" && bscan=="USER2"  && jtag_cable_name =~ "Digilent Nexys A7 -50T 210292AA7EAAA"} -index 0
rst -processor
targets -set -nocase -filter {name =~ "microblaze*#0" && bscan=="USER2"  && jtag_cable_name =~ "Digilent Nexys A7 -50T 210292AA7EAAA"} -index 0
dow C:/Users/ME/Vivado_Projects/project_2/project_2.sdk/project2/Debug/project2.elf
----------------End of Script----------------

22:42:27 INFO  : Memory regions updated for context PA
22:42:27 INFO  : Memory regions updated for context PA
22:42:27 INFO  : Context for processor 'microblaze_0' is selected.
22:42:27 INFO  : 'con' command is executed.
22:42:27 INFO  : ----------------XSDB Script (After Launch)----------------
targets -set -nocase -filter {name =~ "microblaze*#0" && bscan=="USER2"  && jtag_cable_name =~ "Digilent Nexys A7 -50T 210292AA7EAAA"} -index 0
con
----------------End of Script----------------

22:42:27 INFO  : Launch script is exported to file 'C:\Users\ME\Vivado_Projects\project_2\project_2.sdk\.sdk\launch_scripts\xilinx_c-c++_application_(system_debugger)\system_debugger_using_debug_project2.elf_on_local.tcl'
22:47:41 INFO  : Disconnected from the channel tcfchan#2.
22:47:42 INFO  : 'targets -set -filter {jtag_cable_name =~ "Digilent Nexys A7 -50T 210292AA7EAAA" && level==0} -index 0' command is executed.
22:47:42 INFO  : 'fpga -state' command is executed.
22:47:42 INFO  : Connected to target on host '127.0.0.1' and port '3121'.
22:47:42 INFO  : Jtag cable 'Digilent Nexys A7 -50T 210292AA7EAAA' is selected.
22:47:42 INFO  : 'jtag frequency' command is executed.
22:47:42 INFO  : 'configparams mdm-detect-bscan-mask 2' command is executed.
22:47:42 INFO  : Context for processor 'microblaze_0' is selected.
22:47:42 INFO  : Processor reset is completed for 'microblaze_0'.
22:47:42 INFO  : Context for processor 'microblaze_0' is selected.
22:47:42 INFO  : The application 'C:/Users/ME/Vivado_Projects/project_2/project_2.sdk/project2/Debug/project2.elf' is downloaded to processor 'microblaze_0'.
22:47:42 INFO  : ----------------XSDB Script----------------
connect -url tcp:127.0.0.1:3121
configparams mdm-detect-bscan-mask 2
targets -set -nocase -filter {name =~ "microblaze*#0" && bscan=="USER2"  && jtag_cable_name =~ "Digilent Nexys A7 -50T 210292AA7EAAA"} -index 0
rst -processor
targets -set -nocase -filter {name =~ "microblaze*#0" && bscan=="USER2"  && jtag_cable_name =~ "Digilent Nexys A7 -50T 210292AA7EAAA"} -index 0
dow C:/Users/ME/Vivado_Projects/project_2/project_2.sdk/project2/Debug/project2.elf
----------------End of Script----------------

22:47:42 INFO  : Memory regions updated for context PA
22:47:42 INFO  : Memory regions updated for context PA
22:47:42 INFO  : Context for processor 'microblaze_0' is selected.
22:47:42 INFO  : 'con' command is executed.
22:47:42 INFO  : ----------------XSDB Script (After Launch)----------------
targets -set -nocase -filter {name =~ "microblaze*#0" && bscan=="USER2"  && jtag_cable_name =~ "Digilent Nexys A7 -50T 210292AA7EAAA"} -index 0
con
----------------End of Script----------------

22:47:42 INFO  : Launch script is exported to file 'C:\Users\ME\Vivado_Projects\project_2\project_2.sdk\.sdk\launch_scripts\xilinx_c-c++_application_(system_debugger)\system_debugger_using_debug_project2.elf_on_local.tcl'
22:55:01 INFO  : Connected to target on host '127.0.0.1' and port '3121'.
22:55:01 INFO  : 'targets -set -filter {jtag_cable_name =~ "Digilent Nexys A7 -50T 210292AA7EAAA" && level==0} -index 0' command is executed.
22:55:02 INFO  : FPGA configured successfully with bitstream "C:/Users/ME/Vivado_Projects/project_2/project_2.sdk/nexysA7fpga_hw_platform_0/download.bit"
22:56:16 INFO  : Connected to target on host '127.0.0.1' and port '3121'.
22:56:16 INFO  : 'targets -set -filter {jtag_cable_name =~ "Digilent Nexys A7 -50T 210292AA7EAAA" && level==0} -index 0' command is executed.
22:56:17 INFO  : FPGA configured successfully with bitstream "C:/Users/ME/Vivado_Projects/project_2/project_2.sdk/nexysA7fpga_hw_platform_0/download.bit"
22:57:32 INFO  : Connected to target on host '127.0.0.1' and port '3121'.
22:57:32 INFO  : 'targets -set -filter {jtag_cable_name =~ "Digilent Nexys A7 -50T 210292AA7EAAA" && level==0} -index 0' command is executed.
22:57:33 INFO  : FPGA configured successfully with bitstream "C:/Users/ME/Vivado_Projects/project_2/project_2.sdk/nexysA7fpga_hw_platform_0/download.bit"
22:58:02 INFO  : Disconnected from the channel tcfchan#3.
22:58:21 INFO  : Registering command handlers for SDK TCF services
22:58:22 INFO  : Launching XSCT server: xsct.bat -interactive C:\Users\ME\Vivado_Projects\project_2\project_2.sdk\temp_xsdb_launch_script.tcl
22:58:24 INFO  : XSCT server has started successfully.
22:58:24 INFO  : Successfully done setting XSCT server connection channel  
22:58:24 INFO  : Successfully done setting SDK workspace  
22:58:24 INFO  : Processing command line option -hwspec C:/Users/ME/Vivado_Projects/project_2/project_2.sdk/nexysA7fpga.hdf.
22:58:24 INFO  : Checking for hwspec changes in the project nexysA7fpga_hw_platform_0.
22:58:58 INFO  : Connected to target on host '127.0.0.1' and port '3121'.
22:59:19 INFO  : Connected to target on host '127.0.0.1' and port '3121'.
22:59:19 INFO  : 'targets -set -filter {jtag_cable_name =~ "Digilent Nexys A7 -50T 210292AA7EAAA" && level==0} -index 0' command is executed.
22:59:20 INFO  : FPGA configured successfully with bitstream "C:/Users/ME/Vivado_Projects/project_2/project_2.sdk/nexysA7fpga_hw_platform_0/download.bit"
22:59:57 INFO  : Connected to target on host '127.0.0.1' and port '3121'.
22:59:57 INFO  : Jtag cable 'Digilent Nexys A7 -50T 210292AA7EAAA' is selected.
22:59:57 INFO  : 'jtag frequency' command is executed.
22:59:57 INFO  : 'targets -set -filter {jtag_cable_name =~ "Digilent Nexys A7 -50T 210292AA7EAAA" && level==0} -index 0' command is executed.
22:59:58 INFO  : FPGA configured successfully with bitstream "C:/Users/ME/Vivado_Projects/project_2/project_2.sdk/nexysA7fpga_hw_platform_0/nexysA7fpga.bit"
22:59:58 INFO  : 'configparams mdm-detect-bscan-mask 2' command is executed.
22:59:58 INFO  : ----------------XSDB Script----------------
connect -url tcp:127.0.0.1:3121
targets -set -filter {jtag_cable_name =~ "Digilent Nexys A7 -50T 210292AA7EAAA" && level==0} -index 0
fpga -file C:/Users/ME/Vivado_Projects/project_2/project_2.sdk/nexysA7fpga_hw_platform_0/nexysA7fpga.bit
configparams mdm-detect-bscan-mask 2
----------------End of Script----------------

23:00:27 INFO  : Disconnected from the channel tcfchan#1.
23:00:28 INFO  : Connected to target on host '127.0.0.1' and port '3121'.
23:00:28 INFO  : Jtag cable 'Digilent Nexys A7 -50T 210292AA7EAAA' is selected.
23:00:28 INFO  : 'jtag frequency' command is executed.
23:00:28 INFO  : 'targets -set -filter {jtag_cable_name =~ "Digilent Nexys A7 -50T 210292AA7EAAA" && level==0} -index 0' command is executed.
23:00:29 INFO  : FPGA configured successfully with bitstream "C:/Users/ME/Vivado_Projects/project_2/project_2.sdk/nexysA7fpga_hw_platform_0/nexysA7fpga.bit"
23:00:29 INFO  : 'configparams mdm-detect-bscan-mask 2' command is executed.
23:00:29 INFO  : Context for processor 'microblaze_0' is selected.
23:00:29 INFO  : System reset is completed.
23:00:32 INFO  : 'after 3000' command is executed.
23:00:32 INFO  : ----------------XSDB Script----------------
connect -url tcp:127.0.0.1:3121
targets -set -filter {jtag_cable_name =~ "Digilent Nexys A7 -50T 210292AA7EAAA" && level==0} -index 0
fpga -file C:/Users/ME/Vivado_Projects/project_2/project_2.sdk/nexysA7fpga_hw_platform_0/nexysA7fpga.bit
configparams mdm-detect-bscan-mask 2
targets -set -nocase -filter {name =~ "microblaze*#0" && bscan=="USER2"  && jtag_cable_name =~ "Digilent Nexys A7 -50T 210292AA7EAAA"} -index 0
rst -system
after 3000
----------------End of Script----------------

23:00:43 INFO  : Disconnected from the channel tcfchan#2.
23:02:33 INFO  : Refreshed build settings on project project2
23:17:03 INFO  : Registering command handlers for SDK TCF services
23:17:03 INFO  : Launching XSCT server: xsct.bat -interactive C:\Users\ME\Vivado_Projects\project_2\project_2.sdk\temp_xsdb_launch_script.tcl
23:17:05 INFO  : XSCT server has started successfully.
23:17:06 INFO  : Successfully done setting XSCT server connection channel  
23:17:06 INFO  : Successfully done setting SDK workspace  
23:17:06 INFO  : Processing command line option -hwspec C:/Users/ME/Vivado_Projects/project_2/project_2.sdk/nexysA7fpga.hdf.
23:17:06 INFO  : Checking for hwspec changes in the project nexysA7fpga_hw_platform_0.
23:17:42 INFO  : Inferring section assignments and sizes from elf file: C:\Users\ME\Vivado_Projects\project_2\project_2.sdk\project2\Debug\project2.elf
23:17:47 INFO  : Successfully generated C:\Users\ME\Vivado_Projects\project_2\project_2.sdk\project2\src\lscript.ld.
23:17:47 INFO  : Applying linker script to all configurations of project project2.
23:17:47 INFO  : Setting rebuild state to true for all configurations of project project2.
23:18:04 INFO  : 'targets -set -filter {jtag_cable_name =~ "Digilent Nexys A7 -50T 210292AA7EAAA" && level==0} -index 0' command is executed.
23:18:04 INFO  : 'fpga -state' command is executed.
23:18:04 INFO  : Connected to target on host '127.0.0.1' and port '3121'.
23:18:05 INFO  : Jtag cable 'Digilent Nexys A7 -50T 210292AA7EAAA' is selected.
23:18:05 INFO  : 'jtag frequency' command is executed.
23:18:05 INFO  : 'configparams mdm-detect-bscan-mask 2' command is executed.
23:18:08 ERROR : no targets found with "name =~ "microblaze*#0" && bscan=="USER2"  && jtag_cable_name =~ "Digilent Nexys A7 -50T 210292AA7EAAA"". available targets:
  1* xc7a50t
23:18:08 INFO  : ----------------XSDB Script----------------
connect -url tcp:127.0.0.1:3121
configparams mdm-detect-bscan-mask 2
targets -set -nocase -filter {name =~ "microblaze*#0" && bscan=="USER2"  && jtag_cable_name =~ "Digilent Nexys A7 -50T 210292AA7EAAA"} -index 0
----------------End of Script----------------

23:18:30 INFO  : Connected to target on host '127.0.0.1' and port '3121'.
23:18:30 INFO  : 'targets -set -filter {jtag_cable_name =~ "Digilent Nexys A7 -50T 210292AA7EAAA" && level==0} -index 0' command is executed.
23:18:31 INFO  : FPGA configured successfully with bitstream "C:/Users/ME/Vivado_Projects/project_2/project_2.sdk/nexysA7fpga_hw_platform_0/download.bit"
23:18:59 INFO  : 'targets -set -filter {jtag_cable_name =~ "Digilent Nexys A7 -50T 210292AA7EAAA" && level==0} -index 0' command is executed.
23:18:59 INFO  : 'fpga -state' command is executed.
23:18:59 INFO  : Connected to target on host '127.0.0.1' and port '3121'.
23:18:59 INFO  : Jtag cable 'Digilent Nexys A7 -50T 210292AA7EAAA' is selected.
23:18:59 INFO  : 'jtag frequency' command is executed.
23:18:59 INFO  : 'configparams mdm-detect-bscan-mask 2' command is executed.
23:18:59 INFO  : Context for processor 'microblaze_0' is selected.
23:18:59 INFO  : Processor reset is completed for 'microblaze_0'.
23:18:59 INFO  : Context for processor 'microblaze_0' is selected.
23:19:00 INFO  : The application 'C:/Users/ME/Vivado_Projects/project_2/project_2.sdk/project2/Debug/project2.elf' is downloaded to processor 'microblaze_0'.
23:19:00 INFO  : ----------------XSDB Script----------------
connect -url tcp:127.0.0.1:3121
configparams mdm-detect-bscan-mask 2
targets -set -nocase -filter {name =~ "microblaze*#0" && bscan=="USER2"  && jtag_cable_name =~ "Digilent Nexys A7 -50T 210292AA7EAAA"} -index 0
rst -processor
targets -set -nocase -filter {name =~ "microblaze*#0" && bscan=="USER2"  && jtag_cable_name =~ "Digilent Nexys A7 -50T 210292AA7EAAA"} -index 0
dow C:/Users/ME/Vivado_Projects/project_2/project_2.sdk/project2/Debug/project2.elf
----------------End of Script----------------

23:22:08 INFO  : Disconnected from the channel tcfchan#1.
23:22:09 INFO  : 'targets -set -filter {jtag_cable_name =~ "Digilent Nexys A7 -50T 210292AA7EAAA" && level==0} -index 0' command is executed.
23:22:09 INFO  : 'fpga -state' command is executed.
23:22:09 INFO  : Connected to target on host '127.0.0.1' and port '3121'.
23:22:09 INFO  : Jtag cable 'Digilent Nexys A7 -50T 210292AA7EAAA' is selected.
23:22:09 INFO  : 'jtag frequency' command is executed.
23:22:09 INFO  : 'configparams mdm-detect-bscan-mask 2' command is executed.
23:22:09 INFO  : Context for processor 'microblaze_0' is selected.
23:22:09 INFO  : Processor reset is completed for 'microblaze_0'.
23:22:09 INFO  : Context for processor 'microblaze_0' is selected.
23:22:09 INFO  : The application 'C:/Users/ME/Vivado_Projects/project_2/project_2.sdk/project2/Debug/project2.elf' is downloaded to processor 'microblaze_0'.
23:22:09 INFO  : ----------------XSDB Script----------------
connect -url tcp:127.0.0.1:3121
configparams mdm-detect-bscan-mask 2
targets -set -nocase -filter {name =~ "microblaze*#0" && bscan=="USER2"  && jtag_cable_name =~ "Digilent Nexys A7 -50T 210292AA7EAAA"} -index 0
rst -processor
targets -set -nocase -filter {name =~ "microblaze*#0" && bscan=="USER2"  && jtag_cable_name =~ "Digilent Nexys A7 -50T 210292AA7EAAA"} -index 0
dow C:/Users/ME/Vivado_Projects/project_2/project_2.sdk/project2/Debug/project2.elf
----------------End of Script----------------

23:22:43 INFO  : Disconnected from the channel tcfchan#2.
23:22:50 INFO  : 'targets -set -filter {jtag_cable_name =~ "Digilent Nexys A7 -50T 210292AA7EAAA" && level==0} -index 0' command is executed.
23:22:50 INFO  : 'fpga -state' command is executed.
23:22:50 INFO  : Connected to target on host '127.0.0.1' and port '3121'.
23:22:50 INFO  : Jtag cable 'Digilent Nexys A7 -50T 210292AA7EAAA' is selected.
23:22:50 INFO  : 'jtag frequency' command is executed.
23:22:50 INFO  : 'configparams mdm-detect-bscan-mask 2' command is executed.
23:22:50 INFO  : Context for processor 'microblaze_0' is selected.
23:22:50 INFO  : Processor reset is completed for 'microblaze_0'.
23:22:50 INFO  : Context for processor 'microblaze_0' is selected.
23:22:50 INFO  : The application 'C:/Users/ME/Vivado_Projects/project_2/project_2.sdk/project2/Debug/project2.elf' is downloaded to processor 'microblaze_0'.
23:22:50 INFO  : ----------------XSDB Script----------------
connect -url tcp:127.0.0.1:3121
configparams mdm-detect-bscan-mask 2
targets -set -nocase -filter {name =~ "microblaze*#0" && bscan=="USER2"  && jtag_cable_name =~ "Digilent Nexys A7 -50T 210292AA7EAAA"} -index 0
rst -processor
targets -set -nocase -filter {name =~ "microblaze*#0" && bscan=="USER2"  && jtag_cable_name =~ "Digilent Nexys A7 -50T 210292AA7EAAA"} -index 0
dow C:/Users/ME/Vivado_Projects/project_2/project_2.sdk/project2/Debug/project2.elf
----------------End of Script----------------

23:23:19 INFO  : Disconnected from the channel tcfchan#3.
23:23:20 INFO  : 'targets -set -filter {jtag_cable_name =~ "Digilent Nexys A7 -50T 210292AA7EAAA" && level==0} -index 0' command is executed.
23:23:20 INFO  : 'fpga -state' command is executed.
23:23:20 INFO  : Connected to target on host '127.0.0.1' and port '3121'.
23:23:21 INFO  : Jtag cable 'Digilent Nexys A7 -50T 210292AA7EAAA' is selected.
23:23:21 INFO  : 'jtag frequency' command is executed.
23:23:21 INFO  : 'configparams mdm-detect-bscan-mask 2' command is executed.
23:23:21 INFO  : Context for processor 'microblaze_0' is selected.
23:23:21 INFO  : Processor reset is completed for 'microblaze_0'.
23:23:21 INFO  : Context for processor 'microblaze_0' is selected.
23:23:21 INFO  : The application 'C:/Users/ME/Vivado_Projects/project_2/project_2.sdk/project2/Debug/project2.elf' is downloaded to processor 'microblaze_0'.
23:23:21 INFO  : ----------------XSDB Script----------------
connect -url tcp:127.0.0.1:3121
configparams mdm-detect-bscan-mask 2
targets -set -nocase -filter {name =~ "microblaze*#0" && bscan=="USER2"  && jtag_cable_name =~ "Digilent Nexys A7 -50T 210292AA7EAAA"} -index 0
rst -processor
targets -set -nocase -filter {name =~ "microblaze*#0" && bscan=="USER2"  && jtag_cable_name =~ "Digilent Nexys A7 -50T 210292AA7EAAA"} -index 0
dow C:/Users/ME/Vivado_Projects/project_2/project_2.sdk/project2/Debug/project2.elf
----------------End of Script----------------

23:24:18 INFO  : Connected to target on host '127.0.0.1' and port '3121'.
23:24:18 INFO  : 'targets -set -filter {jtag_cable_name =~ "Digilent Nexys A7 -50T 210292AA7EAAA" && level==0} -index 0' command is executed.
23:24:19 INFO  : FPGA configured successfully with bitstream "C:/Users/ME/Vivado_Projects/project_2/project_2.sdk/nexysA7fpga_hw_platform_0/download.bit"
23:26:27 INFO  : Connected to target on host '127.0.0.1' and port '3121'.
23:26:27 INFO  : 'targets -set -filter {jtag_cable_name =~ "Digilent Nexys A7 -50T 210292AA7EAAA" && level==0} -index 0' command is executed.
23:26:29 INFO  : FPGA configured successfully with bitstream "C:/Users/ME/Vivado_Projects/project_2/project_2.sdk/nexysA7fpga_hw_platform_0/download.bit"
23:26:45 INFO  : Inferring section assignments and sizes from elf file: C:\Users\ME\Vivado_Projects\project_2\project_2.sdk\project2\Debug\project2.elf
23:26:49 INFO  : Successfully generated C:\Users\ME\Vivado_Projects\project_2\project_2.sdk\project2\src\lscript.ld.
23:26:49 INFO  : Applying linker script to all configurations of project project2.
23:26:49 INFO  : Setting rebuild state to true for all configurations of project project2.
23:28:33 INFO  : Connected to target on host '127.0.0.1' and port '3121'.
23:28:33 INFO  : 'targets -set -filter {jtag_cable_name =~ "Digilent Nexys A7 -50T 210292AA7EAAA" && level==0} -index 0' command is executed.
23:28:35 INFO  : FPGA configured successfully with bitstream "C:/Users/ME/Vivado_Projects/project_2/project_2.sdk/nexysA7fpga_hw_platform_0/download.bit"
23:29:04 INFO  : Connected to target on host '127.0.0.1' and port '3121'.
23:29:04 INFO  : 'targets -set -filter {jtag_cable_name =~ "Digilent Nexys A7 -50T 210292AA7EAAA" && level==0} -index 0' command is executed.
23:29:06 INFO  : FPGA configured successfully with bitstream "C:/Users/ME/Vivado_Projects/project_2/project_2.sdk/nexysA7fpga_hw_platform_0/download.bit"
23:38:35 INFO  : Registering command handlers for SDK TCF services
23:38:36 INFO  : Launching XSCT server: xsct.bat -interactive C:\Users\ME\Vivado_Projects\project_2\project_2.sdk\temp_xsdb_launch_script.tcl
23:38:39 INFO  : XSCT server has started successfully.
23:38:39 INFO  : Successfully done setting XSCT server connection channel  
23:38:39 INFO  : Successfully done setting SDK workspace  
23:38:39 INFO  : Processing command line option -hwspec C:/Users/ME/Vivado_Projects/project_2/project_2.sdk/nexysA7fpga.hdf.
23:38:39 INFO  : Checking for hwspec changes in the project nexysA7fpga_hw_platform_0.
23:39:25 INFO  : Connected to target on host '127.0.0.1' and port '3121'.
23:39:26 INFO  : 'targets -set -filter {jtag_cable_name =~ "Digilent Nexys A7 -50T 210292AA7EAAA" && level==0} -index 0' command is executed.
23:39:28 INFO  : FPGA configured successfully with bitstream "C:/Users/ME/Vivado_Projects/project_2/project_2.sdk/nexysA7fpga_hw_platform_0/download.bit"
23:40:31 INFO  : Connected to target on host '127.0.0.1' and port '3121'.
23:40:31 INFO  : 'targets -set -filter {jtag_cable_name =~ "Digilent Nexys A7 -50T 210292AA7EAAA" && level==0} -index 0' command is executed.
23:40:32 INFO  : FPGA configured successfully with bitstream "C:/Users/ME/Vivado_Projects/project_2/project_2.sdk/nexysA7fpga_hw_platform_0/download.bit"
23:44:23 INFO  : Connected to target on host '127.0.0.1' and port '3121'.
23:44:33 INFO  : Connected to target on host '127.0.0.1' and port '3121'.
23:44:34 INFO  : Jtag cable 'Digilent Nexys A7 -50T 210292AA7EAAA' is selected.
23:44:34 INFO  : 'jtag frequency' command is executed.
23:44:34 INFO  : 'targets -set -filter {jtag_cable_name =~ "Digilent Nexys A7 -50T 210292AA7EAAA" && level==0} -index 0' command is executed.
23:44:35 INFO  : FPGA configured successfully with bitstream "C:/Users/ME/Vivado_Projects/project_2/project_2.sdk/nexysA7fpga_hw_platform_0/nexysA7fpga.bit"
23:44:35 INFO  : 'configparams mdm-detect-bscan-mask 2' command is executed.
23:44:35 INFO  : Context for processor 'microblaze_0' is selected.
23:44:35 INFO  : System reset is completed.
23:44:38 INFO  : 'after 3000' command is executed.
23:44:38 INFO  : ----------------XSDB Script----------------
connect -url tcp:127.0.0.1:3121
targets -set -filter {jtag_cable_name =~ "Digilent Nexys A7 -50T 210292AA7EAAA" && level==0} -index 0
fpga -file C:/Users/ME/Vivado_Projects/project_2/project_2.sdk/nexysA7fpga_hw_platform_0/nexysA7fpga.bit
configparams mdm-detect-bscan-mask 2
targets -set -nocase -filter {name =~ "microblaze*#0" && bscan=="USER2"  && jtag_cable_name =~ "Digilent Nexys A7 -50T 210292AA7EAAA"} -index 0
rst -system
after 3000
----------------End of Script----------------

23:44:38 INFO  : Memory regions updated for context PA
23:44:38 INFO  : Memory regions updated for context PA
23:44:38 INFO  : Launch script is exported to file 'C:\Users\ME\Vivado_Projects\project_2\project_2.sdk\.sdk\launch_scripts\xilinx_c-c++_application_(system_debugger)\system_debugger_on_local.tcl'
23:45:04 INFO  : Disconnected from the channel tcfchan#1.
23:45:51 INFO  : Successfully generated C:\Users\ME\Vivado_Projects\project_2\project_2.sdk\project2\src\lscript.ld.
23:45:51 INFO  : Applying linker script to all configurations of project project2.
23:45:51 INFO  : Setting rebuild state to true for all configurations of project project2.
00:02:31 INFO  : Connected to target on host '127.0.0.1' and port '3121'.
00:02:32 INFO  : 'targets -set -filter {jtag_cable_name =~ "Digilent Nexys A7 -50T 210292AA7EAAA" && level==0} -index 0' command is executed.
00:02:34 INFO  : FPGA configured successfully with bitstream "C:/Users/ME/Vivado_Projects/project_2/project_2.sdk/nexysA7fpga_hw_platform_0/download.bit"
00:06:20 INFO  : Registering command handlers for SDK TCF services
00:06:21 INFO  : Launching XSCT server: xsct.bat -interactive C:\Users\ME\Vivado_Projects\project_2\project_2.sdk\temp_xsdb_launch_script.tcl
00:06:23 INFO  : XSCT server has started successfully.
00:06:23 INFO  : Successfully done setting XSCT server connection channel  
00:06:23 INFO  : Successfully done setting SDK workspace  
00:07:24 INFO  : Connected to target on host '127.0.0.1' and port '3121'.
00:07:26 INFO  : 'targets -set -filter {jtag_cable_name =~ "Digilent Nexys A7 -50T 210292AA7EAAA" && level==0} -index 0' command is executed.
00:07:27 INFO  : FPGA configured successfully with bitstream "C:/Users/ME/Vivado_Projects/project_2/project_2.sdk/nexysA7fpga_hw_platform_0/download.bit"
00:29:50 INFO  : Connected to target on host '127.0.0.1' and port '3121'.
00:29:50 INFO  : 'targets -set -filter {jtag_cable_name =~ "Digilent Nexys A7 -50T 210292AA7EAAA" && level==0} -index 0' command is executed.
00:29:52 INFO  : FPGA configured successfully with bitstream "C:/Users/ME/Vivado_Projects/project_2/project_2.sdk/nexysA7fpga_hw_platform_0/download.bit"
00:29:57 INFO  : Inferring section assignments and sizes from elf file: C:\Users\ME\Vivado_Projects\project_2\project_2.sdk\project2\Debug\project2.elf
00:30:15 INFO  : Successfully generated C:\Users\ME\Vivado_Projects\project_2\project_2.sdk\project2\src\lscript.ld.
00:30:15 INFO  : Applying linker script to all configurations of project project2.
00:30:15 INFO  : Setting rebuild state to true for all configurations of project project2.
00:30:27 INFO  : 'targets -set -filter {jtag_cable_name =~ "Digilent Nexys A7 -50T 210292AA7EAAA" && level==0} -index 0' command is executed.
00:30:27 INFO  : 'fpga -state' command is executed.
00:30:27 INFO  : Connected to target on host '127.0.0.1' and port '3121'.
00:30:27 INFO  : Jtag cable 'Digilent Nexys A7 -50T 210292AA7EAAA' is selected.
00:30:27 INFO  : 'jtag frequency' command is executed.
00:30:27 INFO  : 'configparams mdm-detect-bscan-mask 2' command is executed.
00:30:27 INFO  : Context for processor 'microblaze_0' is selected.
00:30:27 INFO  : Processor reset is completed for 'microblaze_0'.
00:30:27 INFO  : Context for processor 'microblaze_0' is selected.
00:30:27 INFO  : The application 'C:/Users/ME/Vivado_Projects/project_2/project_2.sdk/project2/Debug/project2.elf' is downloaded to processor 'microblaze_0'.
00:30:27 INFO  : ----------------XSDB Script----------------
connect -url tcp:127.0.0.1:3121
configparams mdm-detect-bscan-mask 2
targets -set -nocase -filter {name =~ "microblaze*#0" && bscan=="USER2"  && jtag_cable_name =~ "Digilent Nexys A7 -50T 210292AA7EAAA"} -index 0
rst -processor
targets -set -nocase -filter {name =~ "microblaze*#0" && bscan=="USER2"  && jtag_cable_name =~ "Digilent Nexys A7 -50T 210292AA7EAAA"} -index 0
dow C:/Users/ME/Vivado_Projects/project_2/project_2.sdk/project2/Debug/project2.elf
----------------End of Script----------------

00:31:31 INFO  : Disconnected from the channel tcfchan#1.
00:53:02 INFO  : 'targets -set -filter {jtag_cable_name =~ "Digilent Nexys A7 -50T 210292AA7EAAA" && level==0} -index 0' command is executed.
00:53:02 INFO  : 'fpga -state' command is executed.
00:53:02 INFO  : Connected to target on host '127.0.0.1' and port '3121'.
00:53:02 INFO  : Jtag cable 'Digilent Nexys A7 -50T 210292AA7EAAA' is selected.
00:53:02 INFO  : 'jtag frequency' command is executed.
00:53:02 INFO  : 'configparams mdm-detect-bscan-mask 2' command is executed.
00:53:02 INFO  : Context for processor 'microblaze_0' is selected.
00:53:02 INFO  : Processor reset is completed for 'microblaze_0'.
00:53:02 INFO  : Context for processor 'microblaze_0' is selected.
00:53:03 INFO  : The application 'C:/Users/ME/Vivado_Projects/project_2/project_2.sdk/project2/Debug/project2.elf' is downloaded to processor 'microblaze_0'.
00:53:03 INFO  : ----------------XSDB Script----------------
connect -url tcp:127.0.0.1:3121
configparams mdm-detect-bscan-mask 2
targets -set -nocase -filter {name =~ "microblaze*#0" && bscan=="USER2"  && jtag_cable_name =~ "Digilent Nexys A7 -50T 210292AA7EAAA"} -index 0
rst -processor
targets -set -nocase -filter {name =~ "microblaze*#0" && bscan=="USER2"  && jtag_cable_name =~ "Digilent Nexys A7 -50T 210292AA7EAAA"} -index 0
dow C:/Users/ME/Vivado_Projects/project_2/project_2.sdk/project2/Debug/project2.elf
----------------End of Script----------------

00:57:46 INFO  : Disconnected from the channel tcfchan#2.
